<?xml version="1.0" encoding="UTF-8"?>
<!-- Generated by org.testng.reporters.JUnitXMLReporter -->
<testsuite hostname="DESKTOP-MD2112N" ignored="6" name="Modify Stock Sell Existing Stock  Iterations   1" tests="5" failures="1" timestamp="2021-09-03T11:58:24 AEST" time="25.172" errors="0">
  <testcase name="selectPortFolio" time="3.463" classname="testcases.rediff.PortfolioManagement"/>
  <testcase name="verifyStockPresent" time="0.293" classname="testcases.rediff.StockManagement"/>
  <testcase name="modifyStock" time="6.268" classname="testcases.rediff.StockManagement"/>
  <testcase name="verifyStockQuantity" time="0.302" classname="testcases.rediff.StockManagement"/>
  <testcase name="verifyTransactionHistory" time="0.692" classname="testcases.rediff.StockManagement">
    <failure type="java.lang.AssertionError" message="The following asserts failed:
	Element not present latestShareChangeQuantity_xpath">
      <![CDATA[java.lang.AssertionError: The following asserts failed:
Element not present latestShareChangeQuantity_xpath
at keywords.GenericKeywords.assertAll(GenericKeywords.java:278)
at keywords.GenericKeywords.reportFailure(GenericKeywords.java:270)
at keywords.GenericKeywords.getElement(GenericKeywords.java:160)
at keywords.GenericKeywords.getText(GenericKeywords.java:136)
at testcases.rediff.StockManagement.verifyTransactionHistory(StockManagement.java:150)
at java.util.ArrayList.forEach(ArrayList.java:1257)
at runner.TestNGRunner.run(TestNGRunner.java:100)
at runner.JSONRunner.main(JSONRunner.java:146)
... Removed 26 stack frames]]>
    </failure>
  </testcase> <!-- verifyTransactionHistory -->
  <testcase name="addStock" time="0.0" classname="testcases.rediff.StockManagement">
    <ignored/>
  </testcase> <!-- addStock -->
  <testcase name="@BeforeTest beforeTest" time="0.0" classname="testbase.BaseTest">
    <ignored/>
  </testcase> <!-- @BeforeTest beforeTest -->
  <testcase name="deletePortfolio" time="0.0" classname="testcases.rediff.PortfolioManagement">
    <ignored/>
  </testcase> <!-- deletePortfolio -->
  <testcase name="verifyStockAvgBuyPrice" time="0.0" classname="testcases.rediff.StockManagement">
    <ignored/>
  </testcase> <!-- verifyStockAvgBuyPrice -->
  <testcase name="@AfterTest quit" time="0.0" classname="testbase.BaseTest">
    <ignored/>
  </testcase> <!-- @AfterTest quit -->
  <testcase name="createPortfolio" time="0.0" classname="testcases.rediff.PortfolioManagement">
    <ignored/>
  </testcase> <!-- createPortfolio -->
</testsuite> <!-- Modify Stock Sell Existing Stock  Iterations   1 -->
