<?xml version="1.0" encoding="UTF-8"?>
<!-- Generated by org.testng.reporters.JUnitReportReporter -->
<testsuite skipped="7" hostname="DESKTOP-MD2112N" name="testcases.rediff.StockManagement" tests="18" failures="3" timestamp="2021-09-03T11:58:48 AEST" time="14.830" errors="1">
  <testcase name="verifyStockPresent" time="0.000" classname="testcases.rediff.StockManagement">
    <skipped/>
  </testcase> <!-- verifyStockPresent -->
  <system-out/>
  <testcase name="modifyStock" time="0.000" classname="testcases.rediff.StockManagement">
    <skipped/>
  </testcase> <!-- modifyStock -->
  <system-out/>
  <testcase name="verifyStockPresent" time="0.225" classname="testcases.rediff.StockManagement"/>
  <system-out/>
  <testcase name="verifyTransactionHistory" time="0.692" classname="testcases.rediff.StockManagement">
    <failure type="java.lang.AssertionError" message="The following asserts failed:
	Element not present latestShareChangeQuantity_xpath">
      <![CDATA[java.lang.AssertionError: The following asserts failed:
Element not present latestShareChangeQuantity_xpath
at org.testng.asserts.SoftAssert.assertAll(SoftAssert.java:47)
at org.testng.asserts.SoftAssert.assertAll(SoftAssert.java:31)
at keywords.GenericKeywords.assertAll(GenericKeywords.java:278)
at keywords.GenericKeywords.reportFailure(GenericKeywords.java:270)
at keywords.GenericKeywords.getElement(GenericKeywords.java:160)
at keywords.GenericKeywords.getText(GenericKeywords.java:136)
at testcases.rediff.StockManagement.verifyTransactionHistory(StockManagement.java:150)
at sun.reflect.NativeMethodAccessorImpl.invoke0(Native Method)
at sun.reflect.NativeMethodAccessorImpl.invoke(NativeMethodAccessorImpl.java:62)
at sun.reflect.DelegatingMethodAccessorImpl.invoke(DelegatingMethodAccessorImpl.java:43)
at java.lang.reflect.Method.invoke(Method.java:498)
at org.testng.internal.MethodInvocationHelper.invokeMethod(MethodInvocationHelper.java:132)
at org.testng.internal.TestInvoker.invokeMethod(TestInvoker.java:599)
at org.testng.internal.TestInvoker.invokeTestMethod(TestInvoker.java:174)
at org.testng.internal.MethodRunner.runInSequence(MethodRunner.java:46)
at org.testng.internal.TestInvoker$MethodInvocationAgent.invoke(TestInvoker.java:822)
at org.testng.internal.TestInvoker.invokeTestMethods(TestInvoker.java:147)
at org.testng.internal.TestMethodWorker.invokeTestMethods(TestMethodWorker.java:146)
at org.testng.internal.TestMethodWorker.run(TestMethodWorker.java:128)
at java.util.ArrayList.forEach(ArrayList.java:1257)
at org.testng.TestRunner.privateRun(TestRunner.java:764)
at org.testng.TestRunner.run(TestRunner.java:585)
at org.testng.SuiteRunner.runTest(SuiteRunner.java:384)
at org.testng.SuiteRunner.runSequentially(SuiteRunner.java:378)
at org.testng.SuiteRunner.privateRun(SuiteRunner.java:337)
at org.testng.SuiteRunner.run(SuiteRunner.java:286)
at org.testng.SuiteRunnerWorker.runSuite(SuiteRunnerWorker.java:53)
at org.testng.SuiteRunnerWorker.run(SuiteRunnerWorker.java:96)
at org.testng.TestNG.runSuitesSequentially(TestNG.java:1218)
at org.testng.TestNG.runSuitesLocally(TestNG.java:1140)
at org.testng.TestNG.runSuites(TestNG.java:1069)
at org.testng.TestNG.run(TestNG.java:1037)
at runner.TestNGRunner.run(TestNGRunner.java:100)
at runner.JSONRunner.main(JSONRunner.java:146)
]]>
    </failure>
  </testcase> <!-- verifyTransactionHistory -->
  <system-out/>
  <testcase name="verifyStockPresent" time="0.456" classname="testcases.rediff.StockManagement"/>
  <system-out/>
  <testcase name="verifyStockQuantity" time="0.320" classname="testcases.rediff.StockManagement"/>
  <system-out/>
  <testcase name="verifyTransactionHistory" time="0.657" classname="testcases.rediff.StockManagement">
    <failure type="java.lang.AssertionError" message="The following asserts failed:
	Element not present latestShareChangeQuantity_xpath">
      <![CDATA[java.lang.AssertionError: The following asserts failed:
Element not present latestShareChangeQuantity_xpath
at org.testng.asserts.SoftAssert.assertAll(SoftAssert.java:47)
at org.testng.asserts.SoftAssert.assertAll(SoftAssert.java:31)
at keywords.GenericKeywords.assertAll(GenericKeywords.java:278)
at keywords.GenericKeywords.reportFailure(GenericKeywords.java:270)
at keywords.GenericKeywords.getElement(GenericKeywords.java:160)
at keywords.GenericKeywords.getText(GenericKeywords.java:136)
at testcases.rediff.StockManagement.verifyTransactionHistory(StockManagement.java:150)
at sun.reflect.NativeMethodAccessorImpl.invoke0(Native Method)
at sun.reflect.NativeMethodAccessorImpl.invoke(NativeMethodAccessorImpl.java:62)
at sun.reflect.DelegatingMethodAccessorImpl.invoke(DelegatingMethodAccessorImpl.java:43)
at java.lang.reflect.Method.invoke(Method.java:498)
at org.testng.internal.MethodInvocationHelper.invokeMethod(MethodInvocationHelper.java:132)
at org.testng.internal.TestInvoker.invokeMethod(TestInvoker.java:599)
at org.testng.internal.TestInvoker.invokeTestMethod(TestInvoker.java:174)
at org.testng.internal.MethodRunner.runInSequence(MethodRunner.java:46)
at org.testng.internal.TestInvoker$MethodInvocationAgent.invoke(TestInvoker.java:822)
at org.testng.internal.TestInvoker.invokeTestMethods(TestInvoker.java:147)
at org.testng.internal.TestMethodWorker.invokeTestMethods(TestMethodWorker.java:146)
at org.testng.internal.TestMethodWorker.run(TestMethodWorker.java:128)
at java.util.ArrayList.forEach(ArrayList.java:1257)
at org.testng.TestRunner.privateRun(TestRunner.java:764)
at org.testng.TestRunner.run(TestRunner.java:585)
at org.testng.SuiteRunner.runTest(SuiteRunner.java:384)
at org.testng.SuiteRunner.runSequentially(SuiteRunner.java:378)
at org.testng.SuiteRunner.privateRun(SuiteRunner.java:337)
at org.testng.SuiteRunner.run(SuiteRunner.java:286)
at org.testng.SuiteRunnerWorker.runSuite(SuiteRunnerWorker.java:53)
at org.testng.SuiteRunnerWorker.run(SuiteRunnerWorker.java:96)
at org.testng.TestNG.runSuitesSequentially(TestNG.java:1218)
at org.testng.TestNG.runSuitesLocally(TestNG.java:1140)
at org.testng.TestNG.runSuites(TestNG.java:1069)
at org.testng.TestNG.run(TestNG.java:1037)
at runner.TestNGRunner.run(TestNGRunner.java:100)
at runner.JSONRunner.main(JSONRunner.java:146)
]]>
    </failure>
  </testcase> <!-- verifyTransactionHistory -->
  <system-out/>
  <testcase name="verifyStockQuantity" time="0.000" classname="testcases.rediff.StockManagement">
    <skipped/>
  </testcase> <!-- verifyStockQuantity -->
  <system-out/>
  <testcase name="verifyStockQuantity" time="0.302" classname="testcases.rediff.StockManagement"/>
  <system-out/>
  <testcase name="verifyStockQuantity" time="0.258" classname="testcases.rediff.StockManagement">
    <error type="java.lang.NullPointerException">
      <![CDATA[java.lang.NullPointerException
at testcases.rediff.StockManagement.verifyStockQuantity(StockManagement.java:116)
at sun.reflect.NativeMethodAccessorImpl.invoke0(Native Method)
at sun.reflect.NativeMethodAccessorImpl.invoke(NativeMethodAccessorImpl.java:62)
at sun.reflect.DelegatingMethodAccessorImpl.invoke(DelegatingMethodAccessorImpl.java:43)
at java.lang.reflect.Method.invoke(Method.java:498)
at org.testng.internal.MethodInvocationHelper.invokeMethod(MethodInvocationHelper.java:132)
at org.testng.internal.TestInvoker.invokeMethod(TestInvoker.java:599)
at org.testng.internal.TestInvoker.invokeTestMethod(TestInvoker.java:174)
at org.testng.internal.MethodRunner.runInSequence(MethodRunner.java:46)
at org.testng.internal.TestInvoker$MethodInvocationAgent.invoke(TestInvoker.java:822)
at org.testng.internal.TestInvoker.invokeTestMethods(TestInvoker.java:147)
at org.testng.internal.TestMethodWorker.invokeTestMethods(TestMethodWorker.java:146)
at org.testng.internal.TestMethodWorker.run(TestMethodWorker.java:128)
at java.util.ArrayList.forEach(ArrayList.java:1257)
at org.testng.TestRunner.privateRun(TestRunner.java:764)
at org.testng.TestRunner.run(TestRunner.java:585)
at org.testng.SuiteRunner.runTest(SuiteRunner.java:384)
at org.testng.SuiteRunner.runSequentially(SuiteRunner.java:378)
at org.testng.SuiteRunner.privateRun(SuiteRunner.java:337)
at org.testng.SuiteRunner.run(SuiteRunner.java:286)
at org.testng.SuiteRunnerWorker.runSuite(SuiteRunnerWorker.java:53)
at org.testng.SuiteRunnerWorker.run(SuiteRunnerWorker.java:96)
at org.testng.TestNG.runSuitesSequentially(TestNG.java:1218)
at org.testng.TestNG.runSuitesLocally(TestNG.java:1140)
at org.testng.TestNG.runSuites(TestNG.java:1069)
at org.testng.TestNG.run(TestNG.java:1037)
at runner.TestNGRunner.run(TestNGRunner.java:100)
at runner.JSONRunner.main(JSONRunner.java:146)
]]>
    </error>
  </testcase> <!-- verifyStockQuantity -->
  <system-out/>
  <testcase name="verifyStockPresent" time="0.000" classname="testcases.rediff.StockManagement">
    <skipped/>
  </testcase> <!-- verifyStockPresent -->
  <system-out/>
  <testcase name="verifyStockPresent" time="0.293" classname="testcases.rediff.StockManagement"/>
  <system-out/>
  <testcase name="verifyTransactionHistory" time="0.001" classname="testcases.rediff.StockManagement">
    <skipped/>
  </testcase> <!-- verifyTransactionHistory -->
  <system-out/>
  <testcase name="verifyStockQuantity" time="0.001" classname="testcases.rediff.StockManagement">
    <skipped/>
  </testcase> <!-- verifyStockQuantity -->
  <system-out/>
  <testcase name="modifyStock" time="4.657" classname="testcases.rediff.StockManagement"/>
  <system-out/>
  <testcase name="verifyTransactionHistory" time="0.000" classname="testcases.rediff.StockManagement">
    <skipped/>
  </testcase> <!-- verifyTransactionHistory -->
  <system-out/>
  <testcase name="verifyTransactionHistory" time="0.699" classname="testcases.rediff.StockManagement">
    <failure type="java.lang.AssertionError" message="The following asserts failed:
	Element not present latestShareChangeQuantity_xpath">
      <![CDATA[java.lang.AssertionError: The following asserts failed:
Element not present latestShareChangeQuantity_xpath
at org.testng.asserts.SoftAssert.assertAll(SoftAssert.java:47)
at org.testng.asserts.SoftAssert.assertAll(SoftAssert.java:31)
at keywords.GenericKeywords.assertAll(GenericKeywords.java:278)
at keywords.GenericKeywords.reportFailure(GenericKeywords.java:270)
at keywords.GenericKeywords.getElement(GenericKeywords.java:160)
at keywords.GenericKeywords.getText(GenericKeywords.java:136)
at testcases.rediff.StockManagement.verifyTransactionHistory(StockManagement.java:150)
at sun.reflect.NativeMethodAccessorImpl.invoke0(Native Method)
at sun.reflect.NativeMethodAccessorImpl.invoke(NativeMethodAccessorImpl.java:62)
at sun.reflect.DelegatingMethodAccessorImpl.invoke(DelegatingMethodAccessorImpl.java:43)
at java.lang.reflect.Method.invoke(Method.java:498)
at org.testng.internal.MethodInvocationHelper.invokeMethod(MethodInvocationHelper.java:132)
at org.testng.internal.TestInvoker.invokeMethod(TestInvoker.java:599)
at org.testng.internal.TestInvoker.invokeTestMethod(TestInvoker.java:174)
at org.testng.internal.MethodRunner.runInSequence(MethodRunner.java:46)
at org.testng.internal.TestInvoker$MethodInvocationAgent.invoke(TestInvoker.java:822)
at org.testng.internal.TestInvoker.invokeTestMethods(TestInvoker.java:147)
at org.testng.internal.TestMethodWorker.invokeTestMethods(TestMethodWorker.java:146)
at org.testng.internal.TestMethodWorker.run(TestMethodWorker.java:128)
at java.util.ArrayList.forEach(ArrayList.java:1257)
at org.testng.TestRunner.privateRun(TestRunner.java:764)
at org.testng.TestRunner.run(TestRunner.java:585)
at org.testng.SuiteRunner.runTest(SuiteRunner.java:384)
at org.testng.SuiteRunner.runSequentially(SuiteRunner.java:378)
at org.testng.SuiteRunner.privateRun(SuiteRunner.java:337)
at org.testng.SuiteRunner.run(SuiteRunner.java:286)
at org.testng.SuiteRunnerWorker.runSuite(SuiteRunnerWorker.java:53)
at org.testng.SuiteRunnerWorker.run(SuiteRunnerWorker.java:96)
at org.testng.TestNG.runSuitesSequentially(TestNG.java:1218)
at org.testng.TestNG.runSuitesLocally(TestNG.java:1140)
at org.testng.TestNG.runSuites(TestNG.java:1069)
at org.testng.TestNG.run(TestNG.java:1037)
at runner.TestNGRunner.run(TestNGRunner.java:100)
at runner.JSONRunner.main(JSONRunner.java:146)
]]>
    </failure>
  </testcase> <!-- verifyTransactionHistory -->
  <system-out/>
  <testcase name="modifyStock" time="6.269" classname="testcases.rediff.StockManagement"/>
  <system-out/>
</testsuite> <!-- testcases.rediff.StockManagement -->
